C51 COMPILER V9.53.0.0   LED_WITH_SWITCH_1                                                 10/25/2018 11:47:37 PAGE 1   


C51 COMPILER V9.53.0.0, COMPILATION OF MODULE LED_WITH_SWITCH_1
OBJECT MODULE PLACED IN LED_WITH_SWITCH_1.OBJ
COMPILER INVOKED BY: C:\Keil_v5\C51\BIN\C51.EXE LED_WITH_SWITCH_1.c OPTIMIZE(8,SPEED) BROWSE DEBUG OBJECTEXTEND TABS(2)

line level    source

   1          #include<reg51.h>
   2          
   3          void delay()
   4          {
   5   1      int i,j;
   6   1      for(i=0;i<10;i++)
   7   1        for(j=0;j<1000;j++);
   8   1      }
   9          
  10          sbit LED = P2^0;
  11          sbit SW = P2^1;
  12          
  13          void main()
  14          {
  15   1        P2 = 0x02;
  16   1      
  17   1        while(1)
  18   1        {
  19   2          if(SW == 0 )
  20   2          {
  21   3            LED = 1;
  22   3          }
  23   2          else 
  24   2            LED = 0;  
  25   2        }
  26   1      }


MODULE INFORMATION:   STATIC OVERLAYABLE
   CODE SIZE        =     43    ----
   CONSTANT SIZE    =   ----    ----
   XDATA SIZE       =   ----    ----
   PDATA SIZE       =   ----    ----
   DATA SIZE        =   ----    ----
   IDATA SIZE       =   ----    ----
   BIT SIZE         =   ----    ----
END OF MODULE INFORMATION.


C51 COMPILATION COMPLETE.  0 WARNING(S),  0 ERROR(S)
